<?xml version="1.0" encoding="UTF-8"?>
<!-- Generated by org.testng.reporters.JUnitReportReporter -->
<testsuite skipped="0" hostname="DESKTOP-Q3OL5F5" name="com.guru99Bank.testCases.TC001_loginTest" tests="1" failures="0" timestamp="29 Nov 2022 22:06:17 GMT" time="12.857" errors="0">
  <testcase name="LoginTestCase" time="12.857" classname="com.guru99Bank.testCases.TC001_loginTest"/>
</testsuite> <!-- com.guru99Bank.testCases.TC001_loginTest -->
